TN:
SF:src/config/database.js
FN:5,(anonymous_0)
FN:10,(anonymous_1)
FN:32,(anonymous_2)
FN:39,(anonymous_3)
FN:47,(anonymous_4)
FNF:5
FNH:1
FNDA:5,(anonymous_0)
FNDA:0,(anonymous_1)
FNDA:0,(anonymous_2)
FNDA:0,(anonymous_3)
FNDA:0,(anonymous_4)
DA:1,5
DA:2,5
DA:6,5
DA:7,5
DA:11,0
DA:12,0
DA:15,0
DA:21,0
DA:22,0
DA:24,0
DA:25,0
DA:27,0
DA:28,0
DA:33,0
DA:34,0
DA:36,0
DA:40,0
DA:41,0
DA:43,0
DA:48,0
DA:53,5
LF:21
LH:5
BRDA:33,0,0,0
BRDA:33,0,1,0
BRDA:40,1,0,0
BRDA:40,1,1,0
BRF:4
BRH:0
end_of_record
TN:
SF:src/config/environment.js
FN:16,(anonymous_0)
FN:37,(anonymous_1)
FN:51,(anonymous_2)
FNF:3
FNH:3
FNDA:7,(anonymous_0)
FNDA:12,(anonymous_1)
FNDA:6,(anonymous_2)
DA:1,6
DA:3,6
DA:17,7
DA:18,7
DA:19,7
DA:21,0
DA:22,0
DA:26,0
DA:27,0
DA:29,0
DA:30,0
DA:36,6
DA:37,12
DA:39,6
DA:40,0
DA:41,0
DA:42,0
DA:46,6
DA:52,6
DA:53,6
DA:54,6
DA:56,0
DA:61,6
LF:23
LH:13
BRDA:5,0,0,6
BRDA:5,0,1,1
BRDA:6,1,0,6
BRDA:6,1,1,1
BRDA:17,2,0,7
BRDA:17,2,1,0
BRDA:39,3,0,0
BRDA:39,3,1,6
BRDA:49,4,0,6
BRDA:49,4,1,0
BRDA:50,5,0,6
BRDA:50,5,1,0
BRF:12
BRH:8
end_of_record
TN:
SF:src/controllers/userController.js
FN:8,(anonymous_0)
FN:26,(anonymous_1)
FN:45,(anonymous_2)
FN:65,(anonymous_3)
FN:86,(anonymous_4)
FN:106,(anonymous_5)
FN:127,(anonymous_6)
FNF:7
FNH:5
FNDA:28,(anonymous_0)
FNDA:7,(anonymous_1)
FNDA:76,(anonymous_2)
FNDA:4,(anonymous_3)
FNDA:53,(anonymous_4)
FNDA:0,(anonymous_5)
FNDA:0,(anonymous_6)
DA:1,3
DA:9,28
DA:10,28
DA:12,26
DA:18,2
DA:27,7
DA:28,7
DA:30,7
DA:32,5
DA:37,2
DA:46,76
DA:47,76
DA:49,76
DA:51,73
DA:57,3
DA:66,4
DA:67,4
DA:68,4
DA:70,4
DA:72,3
DA:78,1
DA:87,53
DA:88,53
DA:90,53
DA:92,52
DA:98,1
DA:107,0
DA:108,0
DA:110,0
DA:112,0
DA:119,0
DA:128,0
DA:129,0
DA:131,0
DA:133,0
DA:139,0
DA:144,3
LF:37
LH:27
BRF:0
BRH:0
end_of_record
TN:
SF:src/middleware/errorHandler.js
FN:4,(anonymous_0)
FNF:1
FNH:1
FNDA:23,(anonymous_0)
DA:4,4
DA:6,23
DA:7,23
DA:8,23
DA:12,23
DA:22,23
DA:23,1
DA:24,1
DA:25,22
DA:26,1
DA:27,1
DA:28,1
DA:29,21
DA:30,1
DA:31,1
DA:32,1
DA:33,20
DA:34,1
DA:35,1
DA:36,1
DA:37,19
DA:38,4
DA:39,4
DA:40,4
DA:43,15
DA:44,1
DA:45,1
DA:46,1
DA:47,14
DA:48,5
DA:49,9
DA:50,4
DA:51,5
DA:52,1
DA:53,4
DA:54,0
DA:58,23
DA:69,4
LF:38
LH:37
BRDA:6,0,0,23
BRDA:6,0,1,12
BRDA:7,1,0,23
BRDA:7,1,1,1
BRDA:15,2,0,1
BRDA:15,2,1,22
BRDA:22,3,0,1
BRDA:22,3,1,22
BRDA:25,4,0,1
BRDA:25,4,1,21
BRDA:29,5,0,1
BRDA:29,5,1,20
BRDA:33,6,0,1
BRDA:33,6,1,19
BRDA:33,7,0,20
BRDA:33,7,1,20
BRDA:33,8,0,20
BRDA:33,8,1,1
BRDA:37,9,0,4
BRDA:37,9,1,15
BRDA:37,10,0,19
BRDA:37,10,1,1
BRDA:40,11,0,1
BRDA:40,11,1,3
BRDA:43,12,0,1
BRDA:43,12,1,14
BRDA:43,13,0,15
BRDA:43,13,1,1
BRDA:47,14,0,5
BRDA:47,14,1,9
BRDA:49,15,0,4
BRDA:49,15,1,5
BRDA:51,16,0,1
BRDA:51,16,1,4
BRDA:53,17,0,0
BRDA:53,17,1,4
BRDA:62,18,0,23
BRDA:62,18,1,1
BRF:38
BRH:37
end_of_record
TN:
SF:src/middleware/validation.js
FN:17,(anonymous_0)
FN:23,(anonymous_1)
FN:49,(anonymous_2)
FN:55,(anonymous_3)
FNF:4
FNH:4
FNDA:93,(anonymous_0)
FNDA:18,(anonymous_1)
FNDA:7,(anonymous_2)
FNDA:1,(anonymous_3)
DA:1,4
DA:4,4
DA:18,93
DA:19,93
DA:20,12
DA:23,18
DA:29,81
DA:34,4
DA:50,7
DA:51,7
DA:52,1
DA:55,1
DA:62,6
DA:66,4
LF:14
LH:14
BRDA:19,0,0,12
BRDA:19,0,1,81
BRDA:24,1,0,18
BRDA:24,1,1,0
BRDA:51,2,0,1
BRDA:51,2,1,6
BRDA:56,3,0,1
BRDA:56,3,1,0
BRF:8
BRH:6
end_of_record
TN:
SF:src/repositories/userRepository.js
FN:4,(anonymous_0)
FN:5,(anonymous_1)
FN:11,(anonymous_2)
FN:17,(anonymous_3)
FN:29,(anonymous_4)
FN:47,(anonymous_5)
FN:76,(anonymous_6)
FN:108,(anonymous_7)
FN:132,(anonymous_8)
FN:144,(anonymous_9)
FN:150,(anonymous_10)
FN:157,(anonymous_11)
FN:158,(anonymous_12)
FNF:13
FNH:11
FNDA:5,(anonymous_0)
FNDA:182,(anonymous_1)
FNDA:31,(anonymous_2)
FNDA:92,(anonymous_3)
FNDA:14,(anonymous_4)
FNDA:75,(anonymous_5)
FNDA:5,(anonymous_6)
FNDA:55,(anonymous_7)
FNDA:0,(anonymous_8)
FNDA:2,(anonymous_9)
FNDA:0,(anonymous_10)
FNDA:3,(anonymous_11)
FNDA:2,(anonymous_12)
DA:1,5
DA:5,182
DA:12,31
DA:13,31
DA:14,28
DA:17,92
DA:22,3
DA:30,14
DA:31,14
DA:32,13
DA:34,13
DA:35,4
DA:38,9
DA:40,1
DA:48,75
DA:49,75
DA:50,75
DA:51,75
DA:53,75
DA:59,75
DA:62,74
DA:69,1
DA:77,5
DA:78,5
DA:81,5
DA:82,5
DA:83,0
DA:87,5
DA:93,5
DA:96,4
DA:97,4
DA:99,4
DA:101,1
DA:109,55
DA:110,55
DA:113,55
DA:114,55
DA:116,55
DA:117,1
DA:121,54
DA:123,53
DA:125,1
DA:133,0
DA:134,0
DA:135,0
DA:137,0
DA:145,2
DA:146,2
DA:147,2
DA:148,0
DA:149,0
DA:150,0
DA:154,2
DA:155,2
DA:156,2
DA:157,3
DA:158,2
DA:160,0
DA:165,5
LF:59
LH:50
BRDA:14,0,0,28
BRDA:14,0,1,2
BRDA:34,1,0,4
BRDA:34,1,1,9
BRDA:82,2,0,0
BRDA:82,2,1,5
BRDA:116,3,0,1
BRDA:116,3,1,54
BRDA:147,4,0,0
BRDA:147,4,1,2
BRDA:147,5,0,2
BRDA:147,5,1,0
BRDA:149,6,0,0
BRDA:149,6,1,0
BRDA:155,7,0,2
BRDA:155,7,1,1
BRDA:157,8,0,3
BRDA:157,8,1,3
BRF:18
BRH:13
end_of_record
TN:
SF:src/routes/userRoutes.js
FNF:0
FNH:0
DA:1,3
DA:2,3
DA:3,3
DA:4,3
DA:7,3
DA:10,3
DA:13,3
DA:16,3
DA:19,3
DA:22,3
DA:25,3
DA:27,3
LF:12
LH:12
BRF:0
BRH:0
end_of_record
TN:
SF:src/services/geolocationService.js
FN:5,(anonymous_0)
FN:15,(anonymous_1)
FN:70,(anonymous_2)
FN:80,(anonymous_3)
FN:93,(anonymous_4)
FN:95,(anonymous_5)
FN:98,(anonymous_6)
FN:112,(anonymous_7)
FNF:8
FNH:5
FNDA:5,(anonymous_0)
FNDA:85,(anonymous_1)
FNDA:172,(anonymous_2)
FNDA:81,(anonymous_3)
FNDA:0,(anonymous_4)
FNDA:0,(anonymous_5)
FNDA:0,(anonymous_6)
FNDA:80,(anonymous_7)
DA:1,5
DA:2,5
DA:6,5
DA:7,5
DA:16,85
DA:17,85
DA:18,1
DA:22,84
DA:32,76
DA:34,76
DA:46,9
DA:47,4
DA:49,2
DA:51,1
DA:53,1
DA:55,0
DA:57,5
DA:58,2
DA:60,3
DA:72,172
DA:81,81
DA:83,81
DA:84,81
DA:85,81
DA:94,0
DA:95,0
DA:98,0
DA:114,80
DA:118,5
LF:29
LH:25
BRDA:17,0,0,1
BRDA:17,0,1,84
BRDA:40,1,0,76
BRDA:40,1,1,0
BRDA:40,2,0,76
BRDA:40,2,1,76
BRDA:42,3,0,76
BRDA:42,3,1,0
BRDA:42,4,0,76
BRDA:42,4,1,76
BRDA:42,4,2,76
BRDA:46,5,0,4
BRDA:46,5,1,5
BRDA:47,6,0,2
BRDA:47,6,1,1
BRDA:47,6,2,1
BRDA:47,6,3,0
BRDA:55,7,0,0
BRDA:55,7,1,0
BRDA:57,8,0,2
BRDA:57,8,1,3
BRDA:81,9,0,0
BRDA:81,9,1,81
BRDA:81,10,0,81
BRDA:81,10,1,1
BRDA:84,11,0,3
BRDA:84,11,1,78
BRDA:101,12,0,0
BRDA:101,12,1,0
BRDA:102,13,0,0
BRDA:102,13,1,0
BRF:31
BRH:21
end_of_record
TN:
SF:src/services/userService.js
FN:8,(anonymous_0)
FN:20,(anonymous_1)
FN:40,(anonymous_2)
FN:97,(anonymous_3)
FN:165,(anonymous_4)
FN:186,(anonymous_5)
FN:205,(anonymous_6)
FNF:7
FNH:5
FNDA:30,(anonymous_0)
FNDA:10,(anonymous_1)
FNDA:82,(anonymous_2)
FNDA:7,(anonymous_3)
FNDA:55,(anonymous_4)
FNDA:0,(anonymous_5)
FNDA:0,(anonymous_6)
DA:1,4
DA:2,4
DA:9,30
DA:10,30
DA:11,27
DA:13,3
DA:21,10
DA:22,10
DA:24,9
DA:25,3
DA:26,3
DA:27,3
DA:30,6
DA:32,4
DA:33,1
DA:41,82
DA:42,82
DA:45,82
DA:46,2
DA:47,2
DA:48,2
DA:52,80
DA:57,80
DA:58,1
DA:59,1
DA:60,1
DA:64,79
DA:65,79
DA:68,75
DA:78,75
DA:80,75
DA:81,75
DA:83,7
DA:86,4
DA:87,4
DA:90,4
DA:98,7
DA:100,7
DA:102,7
DA:103,2
DA:104,2
DA:105,2
DA:107,5
DA:109,5
DA:110,3
DA:114,5
DA:115,3
DA:117,3
DA:118,0
DA:119,0
DA:120,0
DA:123,3
DA:126,3
DA:129,3
DA:130,3
DA:131,3
DA:132,3
DA:133,3
DA:134,3
DA:135,3
DA:139,5
DA:140,0
DA:141,0
DA:142,0
DA:146,5
DA:148,5
DA:149,5
DA:151,2
DA:154,0
DA:155,0
DA:158,0
DA:166,55
DA:167,55
DA:169,55
DA:170,2
DA:171,2
DA:172,2
DA:175,53
DA:176,53
DA:178,2
DA:179,0
DA:187,0
DA:188,0
DA:189,0
DA:190,0
DA:191,0
DA:194,0
DA:195,0
DA:197,0
DA:198,0
DA:206,0
DA:207,0
DA:209,0
DA:210,0
DA:211,0
DA:212,0
DA:216,0
DA:218,0
DA:226,0
DA:228,0
DA:229,0
DA:231,0
DA:232,0
DA:237,4
LF:104
LH:72
BRDA:24,0,0,3
BRDA:24,0,1,6
BRDA:32,1,0,3
BRDA:32,1,1,1
BRDA:45,2,0,2
BRDA:45,2,1,80
BRDA:45,3,0,82
BRDA:45,3,1,81
BRDA:57,4,0,1
BRDA:57,4,1,79
BRDA:83,5,0,3
BRDA:83,5,1,4
BRDA:86,6,0,4
BRDA:86,6,1,0
BRDA:86,7,0,4
BRDA:86,7,1,2
BRDA:102,8,0,2
BRDA:102,8,1,5
BRDA:109,9,0,3
BRDA:109,9,1,2
BRDA:114,10,0,3
BRDA:114,10,1,2
BRDA:114,11,0,5
BRDA:114,11,1,3
BRDA:117,12,0,0
BRDA:117,12,1,3
BRDA:139,13,0,0
BRDA:139,13,1,5
BRDA:151,14,0,2
BRDA:151,14,1,0
BRDA:154,15,0,0
BRDA:154,15,1,0
BRDA:154,16,0,0
BRDA:154,16,1,0
BRDA:169,17,0,2
BRDA:169,17,1,53
BRDA:178,18,0,2
BRDA:178,18,1,0
BRDA:188,19,0,0
BRDA:188,19,1,0
BRDA:197,20,0,0
BRDA:197,20,1,0
BRDA:209,21,0,0
BRDA:209,21,1,0
BRDA:231,22,0,0
BRDA:231,22,1,0
BRF:46
BRH:29
end_of_record
TN:
SF:src/utils/constants.js
FNF:0
FNH:0
DA:5,0
DA:119,0
LF:2
LH:0
BRF:0
BRH:0
end_of_record
