TN:
SF:src/index.js
FN:18,(anonymous_0)
FN:30,(anonymous_1)
FN:56,(anonymous_2)
FN:57,(anonymous_3)
FN:63,(anonymous_4)
FN:72,(anonymous_5)
FN:88,(anonymous_6)
FN:97,(anonymous_7)
FNF:8
FNH:0
FNDA:0,(anonymous_0)
FNDA:0,(anonymous_1)
FNDA:0,(anonymous_2)
FNDA:0,(anonymous_3)
FNDA:0,(anonymous_4)
FNDA:0,(anonymous_5)
FNDA:0,(anonymous_6)
FNDA:0,(anonymous_7)
DA:1,0
DA:2,0
DA:3,0
DA:4,0
DA:5,0
DA:6,0
DA:7,0
DA:8,0
DA:11,0
DA:14,0
DA:17,0
DA:19,0
DA:28,0
DA:30,0
DA:31,0
DA:32,0
DA:34,0
DA:37,0
DA:44,0
DA:46,0
DA:47,0
DA:50,0
DA:51,0
DA:54,0
DA:56,0
DA:58,0
DA:59,0
DA:63,0
DA:64,0
DA:72,0
DA:73,0
DA:83,0
DA:85,0
DA:88,0
DA:89,0
DA:96,0
DA:97,0
DA:98,0
DA:99,0
DA:100,0
DA:103,0
LF:41
LH:0
BRDA:28,0,0,0
BRDA:28,0,1,0
BRDA:31,1,0,0
BRDA:31,1,1,0
BRDA:37,2,0,0
BRDA:37,2,1,0
BRDA:50,3,0,0
BRDA:50,3,1,0
BRDA:96,4,0,0
BRDA:96,4,1,0
BRF:10
BRH:0
end_of_record
TN:
SF:src/config/database.js
FN:5,(anonymous_0)
FN:10,(anonymous_1)
FN:32,(anonymous_2)
FN:39,(anonymous_3)
FN:47,(anonymous_4)
FNF:5
FNH:1
FNDA:5,(anonymous_0)
FNDA:0,(anonymous_1)
FNDA:0,(anonymous_2)
FNDA:0,(anonymous_3)
FNDA:0,(anonymous_4)
DA:1,5
DA:2,5
DA:6,5
DA:7,5
DA:11,0
DA:12,0
DA:15,0
DA:21,0
DA:22,0
DA:24,0
DA:25,0
DA:27,0
DA:28,0
DA:33,0
DA:34,0
DA:36,0
DA:40,0
DA:41,0
DA:43,0
DA:48,0
DA:53,5
LF:21
LH:5
BRDA:33,0,0,0
BRDA:33,0,1,0
BRDA:40,1,0,0
BRDA:40,1,1,0
BRF:4
BRH:0
end_of_record
TN:
SF:src/config/environment.js
FN:16,(anonymous_0)
FN:37,(anonymous_1)
FN:51,(anonymous_2)
FNF:3
FNH:3
FNDA:7,(anonymous_0)
FNDA:12,(anonymous_1)
FNDA:6,(anonymous_2)
DA:1,6
DA:3,6
DA:17,7
DA:18,7
DA:19,7
DA:21,0
DA:22,0
DA:26,0
DA:27,0
DA:29,0
DA:30,0
DA:36,6
DA:37,12
DA:39,6
DA:40,0
DA:41,0
DA:42,0
DA:46,6
DA:52,6
DA:53,6
DA:54,6
DA:56,0
DA:61,6
LF:23
LH:13
BRDA:5,0,0,6
BRDA:5,0,1,1
BRDA:6,1,0,6
BRDA:6,1,1,1
BRDA:17,2,0,7
BRDA:17,2,1,0
BRDA:39,3,0,0
BRDA:39,3,1,6
BRDA:49,4,0,6
BRDA:49,4,1,0
BRDA:50,5,0,6
BRDA:50,5,1,0
BRF:12
BRH:8
end_of_record
TN:
SF:src/controllers/userController.js
FN:8,(anonymous_0)
FN:26,(anonymous_1)
FN:45,(anonymous_2)
FN:65,(anonymous_3)
FN:86,(anonymous_4)
FN:106,(anonymous_5)
FN:127,(anonymous_6)
FNF:7
FNH:5
FNDA:28,(anonymous_0)
FNDA:7,(anonymous_1)
FNDA:76,(anonymous_2)
FNDA:4,(anonymous_3)
FNDA:53,(anonymous_4)
FNDA:0,(anonymous_5)
FNDA:0,(anonymous_6)
DA:1,3
DA:9,28
DA:10,28
DA:12,26
DA:18,2
DA:27,7
DA:28,7
DA:30,7
DA:32,5
DA:37,2
DA:46,76
DA:47,76
DA:49,76
DA:51,73
DA:57,3
DA:66,4
DA:67,4
DA:68,4
DA:70,4
DA:72,3
DA:78,1
DA:87,53
DA:88,53
DA:90,53
DA:92,52
DA:98,1
DA:107,0
DA:108,0
DA:110,0
DA:112,0
DA:119,0
DA:128,0
DA:129,0
DA:131,0
DA:133,0
DA:139,0
DA:144,3
LF:37
LH:27
BRF:0
BRH:0
end_of_record
TN:
SF:src/middleware/errorHandler.js
FN:4,(anonymous_0)
FNF:1
FNH:1
FNDA:23,(anonymous_0)
DA:4,4
DA:6,23
DA:7,23
DA:8,23
DA:12,23
DA:22,23
DA:23,1
DA:24,1
DA:25,22
DA:26,1
DA:27,1
DA:28,1
DA:29,21
DA:30,1
DA:31,1
DA:32,1
DA:33,20
DA:37,1
DA:38,1
DA:39,1
DA:40,19
DA:41,4
DA:42,4
DA:43,4
DA:45,15
DA:46,1
DA:47,1
DA:48,1
DA:49,14
DA:50,5
DA:51,9
DA:52,4
DA:53,5
DA:54,1
DA:55,4
DA:56,0
DA:60,23
DA:71,4
LF:38
LH:37
BRDA:6,0,0,23
BRDA:6,0,1,12
BRDA:7,1,0,23
BRDA:7,1,1,1
BRDA:15,2,0,1
BRDA:15,2,1,22
BRDA:22,3,0,1
BRDA:22,3,1,22
BRDA:25,4,0,1
BRDA:25,4,1,21
BRDA:29,5,0,1
BRDA:29,5,1,20
BRDA:33,6,0,1
BRDA:33,6,1,19
BRDA:34,7,0,20
BRDA:34,7,1,20
BRDA:35,8,0,20
BRDA:35,8,1,1
BRDA:40,9,0,4
BRDA:40,9,1,15
BRDA:40,10,0,19
BRDA:40,10,1,1
BRDA:45,11,0,1
BRDA:45,11,1,14
BRDA:45,12,0,15
BRDA:45,12,1,1
BRDA:49,13,0,5
BRDA:49,13,1,9
BRDA:51,14,0,4
BRDA:51,14,1,5
BRDA:53,15,0,1
BRDA:53,15,1,4
BRDA:55,16,0,0
BRDA:55,16,1,4
BRDA:64,17,0,23
BRDA:64,17,1,1
BRF:36
BRH:35
end_of_record
TN:
SF:src/middleware/validation.js
FN:24,(anonymous_0)
FN:30,(anonymous_1)
FN:63,(anonymous_2)
FN:69,(anonymous_3)
FNF:4
FNH:4
FNDA:93,(anonymous_0)
FNDA:18,(anonymous_1)
FNDA:7,(anonymous_2)
FNDA:1,(anonymous_3)
DA:1,4
DA:4,4
DA:25,93
DA:26,93
DA:27,12
DA:30,18
DA:36,81
DA:41,4
DA:64,7
DA:65,7
DA:66,1
DA:69,1
DA:76,6
DA:80,4
LF:14
LH:14
BRDA:26,0,0,12
BRDA:26,0,1,81
BRDA:31,1,0,18
BRDA:31,1,1,0
BRDA:65,2,0,1
BRDA:65,2,1,6
BRDA:70,3,0,1
BRDA:70,3,1,0
BRF:8
BRH:6
end_of_record
TN:
SF:src/repositories/userRepository.js
FN:4,(anonymous_0)
FN:5,(anonymous_1)
FN:11,(anonymous_2)
FN:17,(anonymous_3)
FN:29,(anonymous_4)
FN:47,(anonymous_5)
FN:75,(anonymous_6)
FN:107,(anonymous_7)
FN:131,(anonymous_8)
FN:143,(anonymous_9)
FN:155,(anonymous_10)
FN:162,(anonymous_11)
FN:163,(anonymous_12)
FNF:13
FNH:11
FNDA:5,(anonymous_0)
FNDA:182,(anonymous_1)
FNDA:31,(anonymous_2)
FNDA:92,(anonymous_3)
FNDA:14,(anonymous_4)
FNDA:75,(anonymous_5)
FNDA:5,(anonymous_6)
FNDA:55,(anonymous_7)
FNDA:0,(anonymous_8)
FNDA:2,(anonymous_9)
FNDA:0,(anonymous_10)
FNDA:3,(anonymous_11)
FNDA:2,(anonymous_12)
DA:1,5
DA:5,182
DA:12,31
DA:13,31
DA:14,28
DA:17,92
DA:22,3
DA:30,14
DA:31,14
DA:32,13
DA:34,13
DA:35,4
DA:38,9
DA:40,1
DA:48,75
DA:49,75
DA:50,75
DA:51,75
DA:53,75
DA:59,75
DA:62,74
DA:63,74
DA:68,1
DA:76,5
DA:77,5
DA:80,5
DA:81,5
DA:82,0
DA:86,5
DA:92,5
DA:95,4
DA:96,4
DA:98,4
DA:100,1
DA:108,55
DA:109,55
DA:112,55
DA:113,55
DA:115,55
DA:116,1
DA:120,54
DA:122,53
DA:124,1
DA:132,0
DA:133,0
DA:134,0
DA:136,0
DA:144,2
DA:145,2
DA:146,2
DA:150,0
DA:154,0
DA:155,0
DA:159,2
DA:160,2
DA:161,2
DA:162,3
DA:163,2
DA:165,0
DA:170,5
LF:60
LH:51
BRDA:14,0,0,28
BRDA:14,0,1,2
BRDA:34,1,0,4
BRDA:34,1,1,9
BRDA:81,2,0,0
BRDA:81,2,1,5
BRDA:115,3,0,1
BRDA:115,3,1,54
BRDA:146,4,0,0
BRDA:146,4,1,2
BRDA:147,5,0,2
BRDA:147,5,1,0
BRDA:154,6,0,0
BRDA:154,6,1,0
BRDA:160,7,0,2
BRDA:160,7,1,1
BRDA:162,8,0,3
BRDA:162,8,1,3
BRF:18
BRH:13
end_of_record
TN:
SF:src/routes/userRoutes.js
FNF:0
FNH:0
DA:1,3
DA:2,3
DA:3,3
DA:4,3
DA:7,3
DA:10,3
DA:13,3
DA:16,3
DA:19,3
DA:22,3
DA:25,3
DA:27,3
LF:12
LH:12
BRF:0
BRH:0
end_of_record
TN:
SF:src/services/geolocationService.js
FN:5,(anonymous_0)
FN:15,(anonymous_1)
FN:77,(anonymous_2)
FN:87,(anonymous_3)
FN:100,(anonymous_4)
FN:102,(anonymous_5)
FN:105,(anonymous_6)
FN:119,(anonymous_7)
FNF:8
FNH:5
FNDA:5,(anonymous_0)
FNDA:85,(anonymous_1)
FNDA:172,(anonymous_2)
FNDA:81,(anonymous_3)
FNDA:0,(anonymous_4)
FNDA:0,(anonymous_5)
FNDA:0,(anonymous_6)
FNDA:80,(anonymous_7)
DA:1,5
DA:2,5
DA:6,5
DA:7,5
DA:16,85
DA:17,85
DA:18,1
DA:22,84
DA:32,76
DA:34,76
DA:49,9
DA:50,4
DA:52,2
DA:54,1
DA:56,1
DA:58,0
DA:64,5
DA:65,2
DA:67,3
DA:79,172
DA:88,81
DA:90,81
DA:91,81
DA:92,81
DA:101,0
DA:102,0
DA:105,0
DA:121,80
DA:125,5
LF:29
LH:25
BRDA:17,0,0,1
BRDA:17,0,1,84
BRDA:40,1,0,76
BRDA:40,1,1,0
BRDA:40,2,0,76
BRDA:40,2,1,76
BRDA:43,3,0,76
BRDA:43,3,1,0
BRDA:43,4,0,76
BRDA:43,4,1,76
BRDA:43,4,2,76
BRDA:49,5,0,4
BRDA:49,5,1,5
BRDA:50,6,0,2
BRDA:50,6,1,1
BRDA:50,6,2,1
BRDA:50,6,3,0
BRDA:60,7,0,0
BRDA:60,7,1,0
BRDA:64,8,0,2
BRDA:64,8,1,3
BRDA:88,9,0,0
BRDA:88,9,1,81
BRDA:88,10,0,81
BRDA:88,10,1,1
BRDA:91,11,0,3
BRDA:91,11,1,78
BRDA:108,12,0,0
BRDA:108,12,1,0
BRDA:109,13,0,0
BRDA:109,13,1,0
BRF:31
BRH:21
end_of_record
TN:
SF:src/services/userService.js
FN:8,(anonymous_0)
FN:20,(anonymous_1)
FN:40,(anonymous_2)
FN:101,(anonymous_3)
FN:170,(anonymous_4)
FN:191,(anonymous_5)
FN:210,(anonymous_6)
FNF:7
FNH:5
FNDA:30,(anonymous_0)
FNDA:10,(anonymous_1)
FNDA:82,(anonymous_2)
FNDA:7,(anonymous_3)
FNDA:55,(anonymous_4)
FNDA:0,(anonymous_5)
FNDA:0,(anonymous_6)
DA:1,4
DA:2,4
DA:9,30
DA:10,30
DA:11,27
DA:13,3
DA:21,10
DA:22,10
DA:24,9
DA:25,3
DA:26,3
DA:27,3
DA:30,6
DA:32,4
DA:33,1
DA:41,82
DA:42,82
DA:45,82
DA:46,2
DA:47,2
DA:48,2
DA:52,80
DA:57,80
DA:58,1
DA:59,1
DA:60,1
DA:64,79
DA:67,79
DA:72,75
DA:82,75
DA:84,75
DA:85,75
DA:87,7
DA:90,4
DA:91,4
DA:94,4
DA:102,7
DA:104,7
DA:106,7
DA:107,2
DA:108,2
DA:109,2
DA:111,5
DA:113,5
DA:114,3
DA:118,5
DA:119,3
DA:121,3
DA:122,0
DA:123,0
DA:124,0
DA:127,3
DA:132,3
DA:137,3
DA:138,3
DA:139,3
DA:140,3
DA:141,3
DA:142,3
DA:143,3
DA:146,5
DA:147,0
DA:151,5
DA:153,5
DA:154,5
DA:156,2
DA:159,0
DA:160,0
DA:163,0
DA:171,55
DA:172,55
DA:174,55
DA:175,2
DA:176,2
DA:177,2
DA:180,53
DA:181,53
DA:183,2
DA:184,0
DA:192,0
DA:193,0
DA:194,0
DA:195,0
DA:196,0
DA:199,0
DA:200,0
DA:202,0
DA:203,0
DA:211,0
DA:212,0
DA:214,0
DA:215,0
DA:216,0
DA:217,0
DA:221,0
DA:225,0
DA:233,0
DA:235,0
DA:236,0
DA:238,0
DA:239,0
DA:244,4
LF:102
LH:72
BRDA:24,0,0,3
BRDA:24,0,1,6
BRDA:32,1,0,3
BRDA:32,1,1,1
BRDA:45,2,0,2
BRDA:45,2,1,80
BRDA:45,3,0,82
BRDA:45,3,1,81
BRDA:57,4,0,1
BRDA:57,4,1,79
BRDA:87,5,0,3
BRDA:87,5,1,4
BRDA:90,6,0,4
BRDA:90,6,1,0
BRDA:90,7,0,4
BRDA:90,7,1,2
BRDA:106,8,0,2
BRDA:106,8,1,5
BRDA:113,9,0,3
BRDA:113,9,1,2
BRDA:118,10,0,3
BRDA:118,10,1,2
BRDA:118,11,0,5
BRDA:118,11,1,3
BRDA:121,12,0,0
BRDA:121,12,1,3
BRDA:146,13,0,0
BRDA:146,13,1,5
BRDA:156,14,0,2
BRDA:156,14,1,0
BRDA:159,15,0,0
BRDA:159,15,1,0
BRDA:159,16,0,0
BRDA:159,16,1,0
BRDA:174,17,0,2
BRDA:174,17,1,53
BRDA:183,18,0,2
BRDA:183,18,1,0
BRDA:193,19,0,0
BRDA:193,19,1,0
BRDA:202,20,0,0
BRDA:202,20,1,0
BRDA:214,21,0,0
BRDA:214,21,1,0
BRDA:238,22,0,0
BRDA:238,22,1,0
BRF:46
BRH:29
end_of_record
TN:
SF:src/utils/constants.js
FNF:0
FNH:0
DA:5,0
DA:119,0
LF:2
LH:0
BRF:0
BRH:0
end_of_record
